<?xml version="1.0" encoding="UTF-8"?>
<!-- Generated by org.testng.reporters.JUnitXMLReporter -->
<testsuite ignored="0" hostname="DESKTOP-ESENG68" failures="0" tests="3" name="Highpriority" time="80.097" errors="0" timestamp="2022-05-30T18:03:38 IST">
  <testcase classname="SauseDemo.TestCases.TestBaseClass" name="@BeforeMethod SetUp" time="68.591">
    <failure type="org.openqa.selenium.SessionNotCreatedException" message="Could not start a new session. Response code 500. Message: session not created: This version of Microsoft Edge WebDriver only supports Microsoft Edge version 104
Current browser version is 101.0.1210.53 with binary path C:\Program Files (x86)\Microsoft\Edge\Application\msedge.exe
Build info: version: &amp;apos;4.1.3&amp;apos;, revision: &amp;apos;7b1ebf28ef&amp;apos;
System info: host: &amp;apos;DESKTOP-ESENG68&amp;apos;, ip: &amp;apos;192.168.59.66&amp;apos;, os.name: &amp;apos;Windows 10&amp;apos;, os.arch: &amp;apos;amd64&amp;apos;, os.version: &amp;apos;10.0&amp;apos;, java.version: &amp;apos;17.0.2&amp;apos;
Driver info: org.openqa.selenium.edge.EdgeDriver
Command: [null, newSession {capabilities=[Capabilities {browserName: MicrosoftEdge, ms:edgeOptions: {args: [], extensions: []}}], desiredCapabilities=Capabilities {browserName: MicrosoftEdge, ms:edgeOptions: {args: [], extensions: []}}}]">
      <![CDATA[org.openqa.selenium.SessionNotCreatedException: Could not start a new session. Response code 500. Message: session not created: This version of Microsoft Edge WebDriver only supports Microsoft Edge version 104
Current browser version is 101.0.1210.53 with binary path C:\Program Files (x86)\Microsoft\Edge\Application\msedge.exe
Build info: version: '4.1.3', revision: '7b1ebf28ef'
System info: host: 'DESKTOP-ESENG68', ip: '192.168.59.66', os.name: 'Windows 10', os.arch: 'amd64', os.version: '10.0', java.version: '17.0.2'
Driver info: org.openqa.selenium.edge.EdgeDriver
Command: [null, newSession {capabilities=[Capabilities {browserName: MicrosoftEdge, ms:edgeOptions: {args: [], extensions: []}}], desiredCapabilities=Capabilities {browserName: MicrosoftEdge, ms:edgeOptions: {args: [], extensions: []}}}]
at org.openqa.selenium.remote.ProtocolHandshake.createSession(ProtocolHandshake.java:126)
at org.openqa.selenium.remote.ProtocolHandshake.createSession(ProtocolHandshake.java:84)
at org.openqa.selenium.remote.ProtocolHandshake.createSession(ProtocolHandshake.java:62)
at org.openqa.selenium.remote.HttpCommandExecutor.execute(HttpCommandExecutor.java:156)
at org.openqa.selenium.remote.service.DriverCommandExecutor.invokeExecute(DriverCommandExecutor.java:167)
at org.openqa.selenium.remote.service.DriverCommandExecutor.execute(DriverCommandExecutor.java:142)
at org.openqa.selenium.remote.RemoteWebDriver.execute(RemoteWebDriver.java:567)
at org.openqa.selenium.remote.RemoteWebDriver.startSession(RemoteWebDriver.java:248)
at org.openqa.selenium.remote.RemoteWebDriver.<init>(RemoteWebDriver.java:164)
at org.openqa.selenium.chromium.ChromiumDriver.<init>(ChromiumDriver.java:108)
at org.openqa.selenium.edge.EdgeDriver.<init>(EdgeDriver.java:52)
at org.openqa.selenium.edge.EdgeDriver.<init>(EdgeDriver.java:44)
at org.openqa.selenium.edge.EdgeDriver.<init>(EdgeDriver.java:41)
at SauseDemo.TestCases.TestBaseClass.SetUp(TestBaseClass.java:53)
at java.base/java.util.ArrayList.forEach(ArrayList.java:1511)
... Removed 31 stack frames]]>
    </failure>
  </testcase> <!-- @BeforeMethod SetUp -->
  <testcase classname="SauseDemo.TestCases.TestBaseClass" name="@AfterMethod teardown" time="-1.653914006982E9">
    <skipped/>
  </testcase> <!-- @AfterMethod teardown -->
  <testcase classname="SauseDemo.TestCases.TestBaseClass" name="@BeforeMethod SetUp" time="7.994">
    <failure type="org.openqa.selenium.SessionNotCreatedException" message="Could not start a new session. Response code 500. Message: session not created: This version of Microsoft Edge WebDriver only supports Microsoft Edge version 104
Current browser version is 101.0.1210.53 with binary path C:\Program Files (x86)\Microsoft\Edge\Application\msedge.exe
Build info: version: &amp;apos;4.1.3&amp;apos;, revision: &amp;apos;7b1ebf28ef&amp;apos;
System info: host: &amp;apos;DESKTOP-ESENG68&amp;apos;, ip: &amp;apos;192.168.59.66&amp;apos;, os.name: &amp;apos;Windows 10&amp;apos;, os.arch: &amp;apos;amd64&amp;apos;, os.version: &amp;apos;10.0&amp;apos;, java.version: &amp;apos;17.0.2&amp;apos;
Driver info: org.openqa.selenium.edge.EdgeDriver
Command: [null, newSession {capabilities=[Capabilities {browserName: MicrosoftEdge, ms:edgeOptions: {args: [], extensions: []}}], desiredCapabilities=Capabilities {browserName: MicrosoftEdge, ms:edgeOptions: {args: [], extensions: []}}}]">
      <![CDATA[org.openqa.selenium.SessionNotCreatedException: Could not start a new session. Response code 500. Message: session not created: This version of Microsoft Edge WebDriver only supports Microsoft Edge version 104
Current browser version is 101.0.1210.53 with binary path C:\Program Files (x86)\Microsoft\Edge\Application\msedge.exe
Build info: version: '4.1.3', revision: '7b1ebf28ef'
System info: host: 'DESKTOP-ESENG68', ip: '192.168.59.66', os.name: 'Windows 10', os.arch: 'amd64', os.version: '10.0', java.version: '17.0.2'
Driver info: org.openqa.selenium.edge.EdgeDriver
Command: [null, newSession {capabilities=[Capabilities {browserName: MicrosoftEdge, ms:edgeOptions: {args: [], extensions: []}}], desiredCapabilities=Capabilities {browserName: MicrosoftEdge, ms:edgeOptions: {args: [], extensions: []}}}]
at org.openqa.selenium.remote.ProtocolHandshake.createSession(ProtocolHandshake.java:126)
at org.openqa.selenium.remote.ProtocolHandshake.createSession(ProtocolHandshake.java:84)
at org.openqa.selenium.remote.ProtocolHandshake.createSession(ProtocolHandshake.java:62)
at org.openqa.selenium.remote.HttpCommandExecutor.execute(HttpCommandExecutor.java:156)
at org.openqa.selenium.remote.service.DriverCommandExecutor.invokeExecute(DriverCommandExecutor.java:167)
at org.openqa.selenium.remote.service.DriverCommandExecutor.execute(DriverCommandExecutor.java:142)
at org.openqa.selenium.remote.RemoteWebDriver.execute(RemoteWebDriver.java:567)
at org.openqa.selenium.remote.RemoteWebDriver.startSession(RemoteWebDriver.java:248)
at org.openqa.selenium.remote.RemoteWebDriver.<init>(RemoteWebDriver.java:164)
at org.openqa.selenium.chromium.ChromiumDriver.<init>(ChromiumDriver.java:108)
at org.openqa.selenium.edge.EdgeDriver.<init>(EdgeDriver.java:52)
at org.openqa.selenium.edge.EdgeDriver.<init>(EdgeDriver.java:44)
at org.openqa.selenium.edge.EdgeDriver.<init>(EdgeDriver.java:41)
at SauseDemo.TestCases.TestBaseClass.SetUp(TestBaseClass.java:53)
at java.base/java.util.ArrayList.forEach(ArrayList.java:1511)
... Removed 31 stack frames]]>
    </failure>
  </testcase> <!-- @BeforeMethod SetUp -->
  <testcase classname="SauseDemo.TestCases.TestBaseClass" name="@AfterMethod teardown" time="-1.653914015009E9">
    <skipped/>
  </testcase> <!-- @AfterMethod teardown -->
  <testcase classname="SauseDemo.TestCases.TestBaseClass" name="@BeforeMethod SetUp" time="3.315">
    <failure type="org.openqa.selenium.SessionNotCreatedException" message="Could not start a new session. Response code 500. Message: session not created: This version of Microsoft Edge WebDriver only supports Microsoft Edge version 104
Current browser version is 101.0.1210.53 with binary path C:\Program Files (x86)\Microsoft\Edge\Application\msedge.exe
Build info: version: &amp;apos;4.1.3&amp;apos;, revision: &amp;apos;7b1ebf28ef&amp;apos;
System info: host: &amp;apos;DESKTOP-ESENG68&amp;apos;, ip: &amp;apos;192.168.59.66&amp;apos;, os.name: &amp;apos;Windows 10&amp;apos;, os.arch: &amp;apos;amd64&amp;apos;, os.version: &amp;apos;10.0&amp;apos;, java.version: &amp;apos;17.0.2&amp;apos;
Driver info: org.openqa.selenium.edge.EdgeDriver
Command: [null, newSession {capabilities=[Capabilities {browserName: MicrosoftEdge, ms:edgeOptions: {args: [], extensions: []}}], desiredCapabilities=Capabilities {browserName: MicrosoftEdge, ms:edgeOptions: {args: [], extensions: []}}}]">
      <![CDATA[org.openqa.selenium.SessionNotCreatedException: Could not start a new session. Response code 500. Message: session not created: This version of Microsoft Edge WebDriver only supports Microsoft Edge version 104
Current browser version is 101.0.1210.53 with binary path C:\Program Files (x86)\Microsoft\Edge\Application\msedge.exe
Build info: version: '4.1.3', revision: '7b1ebf28ef'
System info: host: 'DESKTOP-ESENG68', ip: '192.168.59.66', os.name: 'Windows 10', os.arch: 'amd64', os.version: '10.0', java.version: '17.0.2'
Driver info: org.openqa.selenium.edge.EdgeDriver
Command: [null, newSession {capabilities=[Capabilities {browserName: MicrosoftEdge, ms:edgeOptions: {args: [], extensions: []}}], desiredCapabilities=Capabilities {browserName: MicrosoftEdge, ms:edgeOptions: {args: [], extensions: []}}}]
at org.openqa.selenium.remote.ProtocolHandshake.createSession(ProtocolHandshake.java:126)
at org.openqa.selenium.remote.ProtocolHandshake.createSession(ProtocolHandshake.java:84)
at org.openqa.selenium.remote.ProtocolHandshake.createSession(ProtocolHandshake.java:62)
at org.openqa.selenium.remote.HttpCommandExecutor.execute(HttpCommandExecutor.java:156)
at org.openqa.selenium.remote.service.DriverCommandExecutor.invokeExecute(DriverCommandExecutor.java:167)
at org.openqa.selenium.remote.service.DriverCommandExecutor.execute(DriverCommandExecutor.java:142)
at org.openqa.selenium.remote.RemoteWebDriver.execute(RemoteWebDriver.java:567)
at org.openqa.selenium.remote.RemoteWebDriver.startSession(RemoteWebDriver.java:248)
at org.openqa.selenium.remote.RemoteWebDriver.<init>(RemoteWebDriver.java:164)
at org.openqa.selenium.chromium.ChromiumDriver.<init>(ChromiumDriver.java:108)
at org.openqa.selenium.edge.EdgeDriver.<init>(EdgeDriver.java:52)
at org.openqa.selenium.edge.EdgeDriver.<init>(EdgeDriver.java:44)
at org.openqa.selenium.edge.EdgeDriver.<init>(EdgeDriver.java:41)
at SauseDemo.TestCases.TestBaseClass.SetUp(TestBaseClass.java:53)
at java.base/java.util.ArrayList.forEach(ArrayList.java:1511)
... Removed 31 stack frames]]>
    </failure>
  </testcase> <!-- @BeforeMethod SetUp -->
  <testcase classname="SauseDemo.TestCases.TestBaseClass" name="@AfterMethod teardown" time="-1.653914018347E9">
    <skipped/>
  </testcase> <!-- @AfterMethod teardown -->
  <testcase classname="SauseDemo.TestCases.TC03ProductAdd" name="productadd" time="0.0">
    <skipped/>
  </testcase> <!-- productadd -->
  <testcase classname="SauseDemo.TestCases.TC01LoginFunctionality" name="loginfunctionalityTest" time="0.0">
    <skipped/>
  </testcase> <!-- loginfunctionalityTest -->
  <testcase classname="SauseDemo.TestCases.TC04AddAllProduct" name="loginFuction" time="0.0">
    <skipped/>
  </testcase> <!-- loginFuction -->
</testsuite> <!-- Highpriority -->
