<?xml version="1.0" encoding="UTF-8"?>
<!-- Generated by org.testng.reporters.JUnitXMLReporter -->
<testsuite ignored="0" hostname="DESKTOP-ESENG68" failures="0" tests="4" name="LowPriority" time="210.993" errors="0" timestamp="2022-05-29T16:24:58 IST">
  <testcase classname="SauseDemo.TestCases.TC05LogOut" name="loginFuction" time="45.518"/>
  <testcase classname="SauseDemo.TestCases.TC02SelectProduct" name="selectproduct" time="0.048"/>
  <testcase classname="SauseDemo.TestCases.TC02SelectProduct" name="selectproduct1" time="0.208"/>
  <testcase classname="SauseDemo.TestCases.TC06ProductBuy" name="productadd" time="52.415"/>
</testsuite> <!-- LowPriority -->
